Performing C SOURCE FILE Test HAVE_GCC_WDOCUMENTATION failed with the following output:
Change Dir: /home/jbanosga/Desktop/Dev/splitRPG/build/CMakeFiles/CMakeScratch/TryCompile-T6PFam

Run Build Command(s):/usr/bin/gmake -f Makefile cmTC_44ded/fast && /usr/bin/gmake  -f CMakeFiles/cmTC_44ded.dir/build.make CMakeFiles/cmTC_44ded.dir/build
gmake[1]: Entering directory '/home/jbanosga/Desktop/Dev/splitRPG/build/CMakeFiles/CMakeScratch/TryCompile-T6PFam'
Building C object CMakeFiles/cmTC_44ded.dir/src.c.o
/usr/bin/cc -DHAVE_GCC_WDOCUMENTATION  -D_GNU_SOURCE=1   -Wdocumentation -o CMakeFiles/cmTC_44ded.dir/src.c.o -c /home/jbanosga/Desktop/Dev/splitRPG/build/CMakeFiles/CMakeScratch/TryCompile-T6PFam/src.c
cc: error: unrecognized command-line option '-Wdocumentation'
gmake[1]: *** [CMakeFiles/cmTC_44ded.dir/build.make:78: CMakeFiles/cmTC_44ded.dir/src.c.o] Error 1
gmake[1]: Leaving directory '/home/jbanosga/Desktop/Dev/splitRPG/build/CMakeFiles/CMakeScratch/TryCompile-T6PFam'
gmake: *** [Makefile:127: cmTC_44ded/fast] Error 2


Source file was:
int main(void) { return 0; }

Performing C SOURCE FILE Test HAVE_GCC_WDOCUMENTATION_UNKNOWN_COMMAND failed with the following output:
Change Dir: /home/jbanosga/Desktop/Dev/splitRPG/build/CMakeFiles/CMakeScratch/TryCompile-hXesTg

Run Build Command(s):/usr/bin/gmake -f Makefile cmTC_4f39b/fast && /usr/bin/gmake  -f CMakeFiles/cmTC_4f39b.dir/build.make CMakeFiles/cmTC_4f39b.dir/build
gmake[1]: Entering directory '/home/jbanosga/Desktop/Dev/splitRPG/build/CMakeFiles/CMakeScratch/TryCompile-hXesTg'
Building C object CMakeFiles/cmTC_4f39b.dir/src.c.o
/usr/bin/cc -DHAVE_GCC_WDOCUMENTATION_UNKNOWN_COMMAND  -D_GNU_SOURCE=1   -Wdocumentation-unknown-command -o CMakeFiles/cmTC_4f39b.dir/src.c.o -c /home/jbanosga/Desktop/Dev/splitRPG/build/CMakeFiles/CMakeScratch/TryCompile-hXesTg/src.c
cc: error: unrecognized command-line option '-Wdocumentation-unknown-command'
gmake[1]: *** [CMakeFiles/cmTC_4f39b.dir/build.make:78: CMakeFiles/cmTC_4f39b.dir/src.c.o] Error 1
gmake[1]: Leaving directory '/home/jbanosga/Desktop/Dev/splitRPG/build/CMakeFiles/CMakeScratch/TryCompile-hXesTg'
gmake: *** [Makefile:127: cmTC_4f39b/fast] Error 2


Source file was:
int main(void) { return 0; }

Performing C SOURCE FILE Test HAVE_GCC_COMMENT_BLOCK_COMMANDS failed with the following output:
Change Dir: /home/jbanosga/Desktop/Dev/splitRPG/build/CMakeFiles/CMakeScratch/TryCompile-x90bLp

Run Build Command(s):/usr/bin/gmake -f Makefile cmTC_0fbda/fast && /usr/bin/gmake  -f CMakeFiles/cmTC_0fbda.dir/build.make CMakeFiles/cmTC_0fbda.dir/build
gmake[1]: Entering directory '/home/jbanosga/Desktop/Dev/splitRPG/build/CMakeFiles/CMakeScratch/TryCompile-x90bLp'
Building C object CMakeFiles/cmTC_0fbda.dir/src.c.o
/usr/bin/cc -DHAVE_GCC_COMMENT_BLOCK_COMMANDS  -D_GNU_SOURCE=1   -fcomment-block-commands=threadsafety -o CMakeFiles/cmTC_0fbda.dir/src.c.o -c /home/jbanosga/Desktop/Dev/splitRPG/build/CMakeFiles/CMakeScratch/TryCompile-x90bLp/src.c
cc: error: unrecognized command-line option '-fcomment-block-commands=threadsafety'
gmake[1]: *** [CMakeFiles/cmTC_0fbda.dir/build.make:78: CMakeFiles/cmTC_0fbda.dir/src.c.o] Error 1
gmake[1]: Leaving directory '/home/jbanosga/Desktop/Dev/splitRPG/build/CMakeFiles/CMakeScratch/TryCompile-x90bLp'
gmake: *** [Makefile:127: cmTC_0fbda/fast] Error 2


Source file was:
int main(void) { return 0; }

Performing C SOURCE FILE Test HAVE_CLANG_COMMENT_BLOCK_COMMANDS failed with the following output:
Change Dir: /home/jbanosga/Desktop/Dev/splitRPG/build/CMakeFiles/CMakeScratch/TryCompile-I1WyQL

Run Build Command(s):/usr/bin/gmake -f Makefile cmTC_c9732/fast && /usr/bin/gmake  -f CMakeFiles/cmTC_c9732.dir/build.make CMakeFiles/cmTC_c9732.dir/build
gmake[1]: Entering directory '/home/jbanosga/Desktop/Dev/splitRPG/build/CMakeFiles/CMakeScratch/TryCompile-I1WyQL'
Building C object CMakeFiles/cmTC_c9732.dir/src.c.o
/usr/bin/cc -DHAVE_CLANG_COMMENT_BLOCK_COMMANDS  -D_GNU_SOURCE=1   /clang:-fcomment-block-commands=threadsafety -o CMakeFiles/cmTC_c9732.dir/src.c.o -c /home/jbanosga/Desktop/Dev/splitRPG/build/CMakeFiles/CMakeScratch/TryCompile-I1WyQL/src.c
cc: warning: /clang:-fcomment-block-commands=threadsafety: linker input file unused because linking not done
cc: error: /clang:-fcomment-block-commands=threadsafety: linker input file not found: No such file or directory
gmake[1]: *** [CMakeFiles/cmTC_c9732.dir/build.make:78: CMakeFiles/cmTC_c9732.dir/src.c.o] Error 1
gmake[1]: *** Deleting file 'CMakeFiles/cmTC_c9732.dir/src.c.o'
gmake[1]: Leaving directory '/home/jbanosga/Desktop/Dev/splitRPG/build/CMakeFiles/CMakeScratch/TryCompile-I1WyQL'
gmake: *** [Makefile:127: cmTC_c9732/fast] Error 2


Source file was:
int main(void) { return 0; }

Performing C SOURCE FILE Test COMPILER_SUPPORTS_ARMNEON failed with the following output:
Change Dir: /home/jbanosga/Desktop/Dev/splitRPG/build/CMakeFiles/CMakeScratch/TryCompile-d7cuSM

Run Build Command(s):/usr/bin/gmake -f Makefile cmTC_cae68/fast && /usr/bin/gmake  -f CMakeFiles/cmTC_cae68.dir/build.make CMakeFiles/cmTC_cae68.dir/build
gmake[1]: se entra en el directorio '/home/jbanosga/Desktop/Dev/splitRPG/build/CMakeFiles/CMakeScratch/TryCompile-d7cuSM'
Building C object CMakeFiles/cmTC_cae68.dir/src.c.o
/usr/bin/cc -DCOMPILER_SUPPORTS_ARMNEON  -D_GNU_SOURCE=1 -o CMakeFiles/cmTC_cae68.dir/src.c.o -c /home/jbanosga/Desktop/Dev/splitRPG/build/CMakeFiles/CMakeScratch/TryCompile-d7cuSM/src.c
In file included from /home/jbanosga/Desktop/Dev/splitRPG/build/CMakeFiles/CMakeScratch/TryCompile-d7cuSM/src.c:2:
/usr/lib/gcc/arm-linux-gnueabihf/12/include/arm_neon.h: In function ‘floats_add’:
/usr/lib/gcc/arm-linux-gnueabihf/12/include/arm_neon.h:11024:1: error: inlining failed in call to ‘always_inline’ ‘vst1q_f32’: target specific option mismatch
11024 | vst1q_f32 (float32_t * __a, float32x4_t __b)
      | ^~~~~~~~~
/home/jbanosga/Desktop/Dev/splitRPG/build/CMakeFiles/CMakeScratch/TryCompile-d7cuSM/src.c:5:13: note: called from here
    5 |             vst1q_f32(dest, vaddq_f32(vld1q_f32(a), vld1q_f32(b)));
      |             ^~~~~~~~~~~~~~~~~~~~~~~~~~~~~~~~~~~~~~~~~~~~~~~~~~~~~~
/usr/lib/gcc/arm-linux-gnueabihf/12/include/arm_neon.h:626:1: error: inlining failed in call to ‘always_inline’ ‘vaddq_f32’: target specific option mismatch
  626 | vaddq_f32 (float32x4_t __a, float32x4_t __b)
      | ^~~~~~~~~
/home/jbanosga/Desktop/Dev/splitRPG/build/CMakeFiles/CMakeScratch/TryCompile-d7cuSM/src.c:5:13: note: called from here
    5 |             vst1q_f32(dest, vaddq_f32(vld1q_f32(a), vld1q_f32(b)));
      |             ^~~~~~~~~~~~~~~~~~~~~~~~~~~~~~~~~~~~~~~~~~~~~~~~~~~~~~
/usr/lib/gcc/arm-linux-gnueabihf/12/include/arm_neon.h:10446:1: error: inlining failed in call to ‘always_inline’ ‘vld1q_f32’: target specific option mismatch
10446 | vld1q_f32 (const float32_t * __a)
      | ^~~~~~~~~
/home/jbanosga/Desktop/Dev/splitRPG/build/CMakeFiles/CMakeScratch/TryCompile-d7cuSM/src.c:5:13: note: called from here
    5 |             vst1q_f32(dest, vaddq_f32(vld1q_f32(a), vld1q_f32(b)));
      |             ^~~~~~~~~~~~~~~~~~~~~~~~~~~~~~~~~~~~~~~~~~~~~~~~~~~~~~
/usr/lib/gcc/arm-linux-gnueabihf/12/include/arm_neon.h:10446:1: error: inlining failed in call to ‘always_inline’ ‘vld1q_f32’: target specific option mismatch
10446 | vld1q_f32 (const float32_t * __a)
      | ^~~~~~~~~
/home/jbanosga/Desktop/Dev/splitRPG/build/CMakeFiles/CMakeScratch/TryCompile-d7cuSM/src.c:5:13: note: called from here
    5 |             vst1q_f32(dest, vaddq_f32(vld1q_f32(a), vld1q_f32(b)));
      |             ^~~~~~~~~~~~~~~~~~~~~~~~~~~~~~~~~~~~~~~~~~~~~~~~~~~~~~
gmake[1]: *** [CMakeFiles/cmTC_cae68.dir/build.make:78: CMakeFiles/cmTC_cae68.dir/src.c.o] Error 1
gmake[1]: se sale del directorio '/home/jbanosga/Desktop/Dev/splitRPG/build/CMakeFiles/CMakeScratch/TryCompile-d7cuSM'
gmake: *** [Makefile:127: cmTC_cae68/fast] Error 2


Source file was:

        #include <arm_neon.h>
        void floats_add(float *dest, float *a, float *b, unsigned size) {
          for (; size >= 4; size -= 4, dest += 4, a += 4, b += 4) {
            vst1q_f32(dest, vaddq_f32(vld1q_f32(a), vld1q_f32(b)));
          }
        }
        int main(int argc, char *argv[]) {
          floats_add((float*)0, (float*)0, (float*)0, 0);
          return 0;
         }

Determining if the _i64toa exist failed with the following output:
Change Dir: /home/jbanosga/Desktop/Dev/splitRPG/build/CMakeFiles/CMakeScratch/TryCompile-GN43gN

Run Build Command(s):/usr/bin/gmake -f Makefile cmTC_8b79e/fast && /usr/bin/gmake  -f CMakeFiles/cmTC_8b79e.dir/build.make CMakeFiles/cmTC_8b79e.dir/build
gmake[1]: se entra en el directorio '/home/jbanosga/Desktop/Dev/splitRPG/build/CMakeFiles/CMakeScratch/TryCompile-GN43gN'
Building C object CMakeFiles/cmTC_8b79e.dir/CheckSymbolExists.c.o
/usr/bin/cc   -D_GNU_SOURCE=1 -o CMakeFiles/cmTC_8b79e.dir/CheckSymbolExists.c.o -c /home/jbanosga/Desktop/Dev/splitRPG/build/CMakeFiles/CMakeScratch/TryCompile-GN43gN/CheckSymbolExists.c
/home/jbanosga/Desktop/Dev/splitRPG/build/CMakeFiles/CMakeScratch/TryCompile-GN43gN/CheckSymbolExists.c: In function ‘main’:
/home/jbanosga/Desktop/Dev/splitRPG/build/CMakeFiles/CMakeScratch/TryCompile-GN43gN/CheckSymbolExists.c:26:19: error: ‘_i64toa’ undeclared (first use in this function)
   26 |   return ((int*)(&_i64toa))[argc];
      |                   ^~~~~~~
/home/jbanosga/Desktop/Dev/splitRPG/build/CMakeFiles/CMakeScratch/TryCompile-GN43gN/CheckSymbolExists.c:26:19: note: each undeclared identifier is reported only once for each function it appears in
gmake[1]: *** [CMakeFiles/cmTC_8b79e.dir/build.make:78: CMakeFiles/cmTC_8b79e.dir/CheckSymbolExists.c.o] Error 1
gmake[1]: se sale del directorio '/home/jbanosga/Desktop/Dev/splitRPG/build/CMakeFiles/CMakeScratch/TryCompile-GN43gN'
gmake: *** [Makefile:127: cmTC_8b79e/fast] Error 2


File CheckSymbolExists.c:
/* */
#include <float.h>
#include <iconv.h>
#include <inttypes.h>
#include <limits.h>
#include <malloc.h>
#include <math.h>
#include <memory.h>
#include <signal.h>
#include <stdarg.h>
#include <stdbool.h>
#include <stddef.h>
#include <stdint.h>
#include <stdio.h>
#include <stdlib.h>
#include <string.h>
#include <strings.h>
#include <sys/types.h>
#include <time.h>
#include <wchar.h>

int main(int argc, char** argv)
{
  (void)argv;
#ifndef _i64toa
  return ((int*)(&_i64toa))[argc];
#else
  (void)argc;
  return 0;
#endif
}
Determining if the itoa exist failed with the following output:
Change Dir: /home/jbanosga/Desktop/Dev/splitRPG/build/CMakeFiles/CMakeScratch/TryCompile-66pPFj

Run Build Command(s):/usr/bin/gmake -f Makefile cmTC_4fd9c/fast && /usr/bin/gmake  -f CMakeFiles/cmTC_4fd9c.dir/build.make CMakeFiles/cmTC_4fd9c.dir/build
gmake[1]: se entra en el directorio '/home/jbanosga/Desktop/Dev/splitRPG/build/CMakeFiles/CMakeScratch/TryCompile-66pPFj'
Building C object CMakeFiles/cmTC_4fd9c.dir/CheckSymbolExists.c.o
/usr/bin/cc   -D_GNU_SOURCE=1 -o CMakeFiles/cmTC_4fd9c.dir/CheckSymbolExists.c.o -c /home/jbanosga/Desktop/Dev/splitRPG/build/CMakeFiles/CMakeScratch/TryCompile-66pPFj/CheckSymbolExists.c
/home/jbanosga/Desktop/Dev/splitRPG/build/CMakeFiles/CMakeScratch/TryCompile-66pPFj/CheckSymbolExists.c: In function ‘main’:
/home/jbanosga/Desktop/Dev/splitRPG/build/CMakeFiles/CMakeScratch/TryCompile-66pPFj/CheckSymbolExists.c:26:19: error: ‘itoa’ undeclared (first use in this function)
   26 |   return ((int*)(&itoa))[argc];
      |                   ^~~~
/home/jbanosga/Desktop/Dev/splitRPG/build/CMakeFiles/CMakeScratch/TryCompile-66pPFj/CheckSymbolExists.c:26:19: note: each undeclared identifier is reported only once for each function it appears in
gmake[1]: *** [CMakeFiles/cmTC_4fd9c.dir/build.make:78: CMakeFiles/cmTC_4fd9c.dir/CheckSymbolExists.c.o] Error 1
gmake[1]: se sale del directorio '/home/jbanosga/Desktop/Dev/splitRPG/build/CMakeFiles/CMakeScratch/TryCompile-66pPFj'
gmake: *** [Makefile:127: cmTC_4fd9c/fast] Error 2


File CheckSymbolExists.c:
/* */
#include <float.h>
#include <iconv.h>
#include <inttypes.h>
#include <limits.h>
#include <malloc.h>
#include <math.h>
#include <memory.h>
#include <signal.h>
#include <stdarg.h>
#include <stdbool.h>
#include <stddef.h>
#include <stdint.h>
#include <stdio.h>
#include <stdlib.h>
#include <string.h>
#include <strings.h>
#include <sys/types.h>
#include <time.h>
#include <wchar.h>

int main(int argc, char** argv)
{
  (void)argv;
#ifndef itoa
  return ((int*)(&itoa))[argc];
#else
  (void)argc;
  return 0;
#endif
}
Determining if the _ltoa exist failed with the following output:
Change Dir: /home/jbanosga/Desktop/Dev/splitRPG/build/CMakeFiles/CMakeScratch/TryCompile-0w2A0q

Run Build Command(s):/usr/bin/gmake -f Makefile cmTC_a283c/fast && /usr/bin/gmake  -f CMakeFiles/cmTC_a283c.dir/build.make CMakeFiles/cmTC_a283c.dir/build
gmake[1]: se entra en el directorio '/home/jbanosga/Desktop/Dev/splitRPG/build/CMakeFiles/CMakeScratch/TryCompile-0w2A0q'
Building C object CMakeFiles/cmTC_a283c.dir/CheckSymbolExists.c.o
/usr/bin/cc   -D_GNU_SOURCE=1 -o CMakeFiles/cmTC_a283c.dir/CheckSymbolExists.c.o -c /home/jbanosga/Desktop/Dev/splitRPG/build/CMakeFiles/CMakeScratch/TryCompile-0w2A0q/CheckSymbolExists.c
/home/jbanosga/Desktop/Dev/splitRPG/build/CMakeFiles/CMakeScratch/TryCompile-0w2A0q/CheckSymbolExists.c: In function ‘main’:
/home/jbanosga/Desktop/Dev/splitRPG/build/CMakeFiles/CMakeScratch/TryCompile-0w2A0q/CheckSymbolExists.c:26:19: error: ‘_ltoa’ undeclared (first use in this function)
   26 |   return ((int*)(&_ltoa))[argc];
      |                   ^~~~~
/home/jbanosga/Desktop/Dev/splitRPG/build/CMakeFiles/CMakeScratch/TryCompile-0w2A0q/CheckSymbolExists.c:26:19: note: each undeclared identifier is reported only once for each function it appears in
gmake[1]: *** [CMakeFiles/cmTC_a283c.dir/build.make:78: CMakeFiles/cmTC_a283c.dir/CheckSymbolExists.c.o] Error 1
gmake[1]: se sale del directorio '/home/jbanosga/Desktop/Dev/splitRPG/build/CMakeFiles/CMakeScratch/TryCompile-0w2A0q'
gmake: *** [Makefile:127: cmTC_a283c/fast] Error 2


File CheckSymbolExists.c:
/* */
#include <float.h>
#include <iconv.h>
#include <inttypes.h>
#include <limits.h>
#include <malloc.h>
#include <math.h>
#include <memory.h>
#include <signal.h>
#include <stdarg.h>
#include <stdbool.h>
#include <stddef.h>
#include <stdint.h>
#include <stdio.h>
#include <stdlib.h>
#include <string.h>
#include <strings.h>
#include <sys/types.h>
#include <time.h>
#include <wchar.h>

int main(int argc, char** argv)
{
  (void)argv;
#ifndef _ltoa
  return ((int*)(&_ltoa))[argc];
#else
  (void)argc;
  return 0;
#endif
}
Determining if the sqr exist failed with the following output:
Change Dir: /home/jbanosga/Desktop/Dev/splitRPG/build/CMakeFiles/CMakeScratch/TryCompile-sWxQzU

Run Build Command(s):/usr/bin/gmake -f Makefile cmTC_a1976/fast && /usr/bin/gmake  -f CMakeFiles/cmTC_a1976.dir/build.make CMakeFiles/cmTC_a1976.dir/build
gmake[1]: se entra en el directorio '/home/jbanosga/Desktop/Dev/splitRPG/build/CMakeFiles/CMakeScratch/TryCompile-sWxQzU'
Building C object CMakeFiles/cmTC_a1976.dir/CheckSymbolExists.c.o
/usr/bin/cc   -D_GNU_SOURCE=1 -o CMakeFiles/cmTC_a1976.dir/CheckSymbolExists.c.o -c /home/jbanosga/Desktop/Dev/splitRPG/build/CMakeFiles/CMakeScratch/TryCompile-sWxQzU/CheckSymbolExists.c
/home/jbanosga/Desktop/Dev/splitRPG/build/CMakeFiles/CMakeScratch/TryCompile-sWxQzU/CheckSymbolExists.c: In function ‘main’:
/home/jbanosga/Desktop/Dev/splitRPG/build/CMakeFiles/CMakeScratch/TryCompile-sWxQzU/CheckSymbolExists.c:26:19: error: ‘sqr’ undeclared (first use in this function); did you mean ‘sqrt’?
   26 |   return ((int*)(&sqr))[argc];
      |                   ^~~
      |                   sqrt
/home/jbanosga/Desktop/Dev/splitRPG/build/CMakeFiles/CMakeScratch/TryCompile-sWxQzU/CheckSymbolExists.c:26:19: note: each undeclared identifier is reported only once for each function it appears in
gmake[1]: *** [CMakeFiles/cmTC_a1976.dir/build.make:78: CMakeFiles/cmTC_a1976.dir/CheckSymbolExists.c.o] Error 1
gmake[1]: se sale del directorio '/home/jbanosga/Desktop/Dev/splitRPG/build/CMakeFiles/CMakeScratch/TryCompile-sWxQzU'
gmake: *** [Makefile:127: cmTC_a1976/fast] Error 2


File CheckSymbolExists.c:
/* */
#include <float.h>
#include <iconv.h>
#include <inttypes.h>
#include <limits.h>
#include <malloc.h>
#include <math.h>
#include <memory.h>
#include <signal.h>
#include <stdarg.h>
#include <stdbool.h>
#include <stddef.h>
#include <stdint.h>
#include <stdio.h>
#include <stdlib.h>
#include <string.h>
#include <strings.h>
#include <sys/types.h>
#include <time.h>
#include <wchar.h>

int main(int argc, char** argv)
{
  (void)argv;
#ifndef sqr
  return ((int*)(&sqr))[argc];
#else
  (void)argc;
  return 0;
#endif
}
Determining if the strlcat exist failed with the following output:
Change Dir: /home/jbanosga/Desktop/Dev/splitRPG/build/CMakeFiles/CMakeScratch/TryCompile-r5sohP

Run Build Command(s):/usr/bin/gmake -f Makefile cmTC_eddc8/fast && /usr/bin/gmake  -f CMakeFiles/cmTC_eddc8.dir/build.make CMakeFiles/cmTC_eddc8.dir/build
gmake[1]: se entra en el directorio '/home/jbanosga/Desktop/Dev/splitRPG/build/CMakeFiles/CMakeScratch/TryCompile-r5sohP'
Building C object CMakeFiles/cmTC_eddc8.dir/CheckSymbolExists.c.o
/usr/bin/cc   -D_GNU_SOURCE=1 -o CMakeFiles/cmTC_eddc8.dir/CheckSymbolExists.c.o -c /home/jbanosga/Desktop/Dev/splitRPG/build/CMakeFiles/CMakeScratch/TryCompile-r5sohP/CheckSymbolExists.c
/home/jbanosga/Desktop/Dev/splitRPG/build/CMakeFiles/CMakeScratch/TryCompile-r5sohP/CheckSymbolExists.c: In function ‘main’:
/home/jbanosga/Desktop/Dev/splitRPG/build/CMakeFiles/CMakeScratch/TryCompile-r5sohP/CheckSymbolExists.c:26:19: error: ‘strlcat’ undeclared (first use in this function); did you mean ‘strncat’?
   26 |   return ((int*)(&strlcat))[argc];
      |                   ^~~~~~~
      |                   strncat
/home/jbanosga/Desktop/Dev/splitRPG/build/CMakeFiles/CMakeScratch/TryCompile-r5sohP/CheckSymbolExists.c:26:19: note: each undeclared identifier is reported only once for each function it appears in
gmake[1]: *** [CMakeFiles/cmTC_eddc8.dir/build.make:78: CMakeFiles/cmTC_eddc8.dir/CheckSymbolExists.c.o] Error 1
gmake[1]: se sale del directorio '/home/jbanosga/Desktop/Dev/splitRPG/build/CMakeFiles/CMakeScratch/TryCompile-r5sohP'
gmake: *** [Makefile:127: cmTC_eddc8/fast] Error 2


File CheckSymbolExists.c:
/* */
#include <float.h>
#include <iconv.h>
#include <inttypes.h>
#include <limits.h>
#include <malloc.h>
#include <math.h>
#include <memory.h>
#include <signal.h>
#include <stdarg.h>
#include <stdbool.h>
#include <stddef.h>
#include <stdint.h>
#include <stdio.h>
#include <stdlib.h>
#include <string.h>
#include <strings.h>
#include <sys/types.h>
#include <time.h>
#include <wchar.h>

int main(int argc, char** argv)
{
  (void)argv;
#ifndef strlcat
  return ((int*)(&strlcat))[argc];
#else
  (void)argc;
  return 0;
#endif
}
Determining if the strlcpy exist failed with the following output:
Change Dir: /home/jbanosga/Desktop/Dev/splitRPG/build/CMakeFiles/CMakeScratch/TryCompile-MV3nzr

Run Build Command(s):/usr/bin/gmake -f Makefile cmTC_58f2f/fast && /usr/bin/gmake  -f CMakeFiles/cmTC_58f2f.dir/build.make CMakeFiles/cmTC_58f2f.dir/build
gmake[1]: se entra en el directorio '/home/jbanosga/Desktop/Dev/splitRPG/build/CMakeFiles/CMakeScratch/TryCompile-MV3nzr'
Building C object CMakeFiles/cmTC_58f2f.dir/CheckSymbolExists.c.o
/usr/bin/cc   -D_GNU_SOURCE=1 -o CMakeFiles/cmTC_58f2f.dir/CheckSymbolExists.c.o -c /home/jbanosga/Desktop/Dev/splitRPG/build/CMakeFiles/CMakeScratch/TryCompile-MV3nzr/CheckSymbolExists.c
/home/jbanosga/Desktop/Dev/splitRPG/build/CMakeFiles/CMakeScratch/TryCompile-MV3nzr/CheckSymbolExists.c: In function ‘main’:
/home/jbanosga/Desktop/Dev/splitRPG/build/CMakeFiles/CMakeScratch/TryCompile-MV3nzr/CheckSymbolExists.c:26:19: error: ‘strlcpy’ undeclared (first use in this function); did you mean ‘strncpy’?
   26 |   return ((int*)(&strlcpy))[argc];
      |                   ^~~~~~~
      |                   strncpy
/home/jbanosga/Desktop/Dev/splitRPG/build/CMakeFiles/CMakeScratch/TryCompile-MV3nzr/CheckSymbolExists.c:26:19: note: each undeclared identifier is reported only once for each function it appears in
gmake[1]: *** [CMakeFiles/cmTC_58f2f.dir/build.make:78: CMakeFiles/cmTC_58f2f.dir/CheckSymbolExists.c.o] Error 1
gmake[1]: se sale del directorio '/home/jbanosga/Desktop/Dev/splitRPG/build/CMakeFiles/CMakeScratch/TryCompile-MV3nzr'
gmake: *** [Makefile:127: cmTC_58f2f/fast] Error 2


File CheckSymbolExists.c:
/* */
#include <float.h>
#include <iconv.h>
#include <inttypes.h>
#include <limits.h>
#include <malloc.h>
#include <math.h>
#include <memory.h>
#include <signal.h>
#include <stdarg.h>
#include <stdbool.h>
#include <stddef.h>
#include <stdint.h>
#include <stdio.h>
#include <stdlib.h>
#include <string.h>
#include <strings.h>
#include <sys/types.h>
#include <time.h>
#include <wchar.h>

int main(int argc, char** argv)
{
  (void)argv;
#ifndef strlcpy
  return ((int*)(&strlcpy))[argc];
#else
  (void)argc;
  return 0;
#endif
}
Determining if the strnstr exist failed with the following output:
Change Dir: /home/jbanosga/Desktop/Dev/splitRPG/build/CMakeFiles/CMakeScratch/TryCompile-QDSswJ

Run Build Command(s):/usr/bin/gmake -f Makefile cmTC_4fe7c/fast && /usr/bin/gmake  -f CMakeFiles/cmTC_4fe7c.dir/build.make CMakeFiles/cmTC_4fe7c.dir/build
gmake[1]: se entra en el directorio '/home/jbanosga/Desktop/Dev/splitRPG/build/CMakeFiles/CMakeScratch/TryCompile-QDSswJ'
Building C object CMakeFiles/cmTC_4fe7c.dir/CheckSymbolExists.c.o
/usr/bin/cc   -D_GNU_SOURCE=1 -o CMakeFiles/cmTC_4fe7c.dir/CheckSymbolExists.c.o -c /home/jbanosga/Desktop/Dev/splitRPG/build/CMakeFiles/CMakeScratch/TryCompile-QDSswJ/CheckSymbolExists.c
/home/jbanosga/Desktop/Dev/splitRPG/build/CMakeFiles/CMakeScratch/TryCompile-QDSswJ/CheckSymbolExists.c: In function ‘main’:
/home/jbanosga/Desktop/Dev/splitRPG/build/CMakeFiles/CMakeScratch/TryCompile-QDSswJ/CheckSymbolExists.c:26:19: error: ‘strnstr’ undeclared (first use in this function); did you mean ‘strstr’?
   26 |   return ((int*)(&strnstr))[argc];
      |                   ^~~~~~~
      |                   strstr
/home/jbanosga/Desktop/Dev/splitRPG/build/CMakeFiles/CMakeScratch/TryCompile-QDSswJ/CheckSymbolExists.c:26:19: note: each undeclared identifier is reported only once for each function it appears in
gmake[1]: *** [CMakeFiles/cmTC_4fe7c.dir/build.make:78: CMakeFiles/cmTC_4fe7c.dir/CheckSymbolExists.c.o] Error 1
gmake[1]: se sale del directorio '/home/jbanosga/Desktop/Dev/splitRPG/build/CMakeFiles/CMakeScratch/TryCompile-QDSswJ'
gmake: *** [Makefile:127: cmTC_4fe7c/fast] Error 2


File CheckSymbolExists.c:
/* */
#include <float.h>
#include <iconv.h>
#include <inttypes.h>
#include <limits.h>
#include <malloc.h>
#include <math.h>
#include <memory.h>
#include <signal.h>
#include <stdarg.h>
#include <stdbool.h>
#include <stddef.h>
#include <stdint.h>
#include <stdio.h>
#include <stdlib.h>
#include <string.h>
#include <strings.h>
#include <sys/types.h>
#include <time.h>
#include <wchar.h>

int main(int argc, char** argv)
{
  (void)argv;
#ifndef strnstr
  return ((int*)(&strnstr))[argc];
#else
  (void)argc;
  return 0;
#endif
}
Determining if the wcslcat exist failed with the following output:
Change Dir: /home/jbanosga/Desktop/Dev/splitRPG/build/CMakeFiles/CMakeScratch/TryCompile-kRfygr

Run Build Command(s):/usr/bin/gmake -f Makefile cmTC_57683/fast && /usr/bin/gmake  -f CMakeFiles/cmTC_57683.dir/build.make CMakeFiles/cmTC_57683.dir/build
gmake[1]: se entra en el directorio '/home/jbanosga/Desktop/Dev/splitRPG/build/CMakeFiles/CMakeScratch/TryCompile-kRfygr'
Building C object CMakeFiles/cmTC_57683.dir/CheckSymbolExists.c.o
/usr/bin/cc   -D_GNU_SOURCE=1 -o CMakeFiles/cmTC_57683.dir/CheckSymbolExists.c.o -c /home/jbanosga/Desktop/Dev/splitRPG/build/CMakeFiles/CMakeScratch/TryCompile-kRfygr/CheckSymbolExists.c
/home/jbanosga/Desktop/Dev/splitRPG/build/CMakeFiles/CMakeScratch/TryCompile-kRfygr/CheckSymbolExists.c: In function ‘main’:
/home/jbanosga/Desktop/Dev/splitRPG/build/CMakeFiles/CMakeScratch/TryCompile-kRfygr/CheckSymbolExists.c:26:19: error: ‘wcslcat’ undeclared (first use in this function); did you mean ‘wcsncat’?
   26 |   return ((int*)(&wcslcat))[argc];
      |                   ^~~~~~~
      |                   wcsncat
/home/jbanosga/Desktop/Dev/splitRPG/build/CMakeFiles/CMakeScratch/TryCompile-kRfygr/CheckSymbolExists.c:26:19: note: each undeclared identifier is reported only once for each function it appears in
gmake[1]: *** [CMakeFiles/cmTC_57683.dir/build.make:78: CMakeFiles/cmTC_57683.dir/CheckSymbolExists.c.o] Error 1
gmake[1]: se sale del directorio '/home/jbanosga/Desktop/Dev/splitRPG/build/CMakeFiles/CMakeScratch/TryCompile-kRfygr'
gmake: *** [Makefile:127: cmTC_57683/fast] Error 2


File CheckSymbolExists.c:
/* */
#include <float.h>
#include <iconv.h>
#include <inttypes.h>
#include <limits.h>
#include <malloc.h>
#include <math.h>
#include <memory.h>
#include <signal.h>
#include <stdarg.h>
#include <stdbool.h>
#include <stddef.h>
#include <stdint.h>
#include <stdio.h>
#include <stdlib.h>
#include <string.h>
#include <strings.h>
#include <sys/types.h>
#include <time.h>
#include <wchar.h>

int main(int argc, char** argv)
{
  (void)argv;
#ifndef wcslcat
  return ((int*)(&wcslcat))[argc];
#else
  (void)argc;
  return 0;
#endif
}
Determining if the wcslcpy exist failed with the following output:
Change Dir: /home/jbanosga/Desktop/Dev/splitRPG/build/CMakeFiles/CMakeScratch/TryCompile-xgEwrn

Run Build Command(s):/usr/bin/gmake -f Makefile cmTC_175f9/fast && /usr/bin/gmake  -f CMakeFiles/cmTC_175f9.dir/build.make CMakeFiles/cmTC_175f9.dir/build
gmake[1]: se entra en el directorio '/home/jbanosga/Desktop/Dev/splitRPG/build/CMakeFiles/CMakeScratch/TryCompile-xgEwrn'
Building C object CMakeFiles/cmTC_175f9.dir/CheckSymbolExists.c.o
/usr/bin/cc   -D_GNU_SOURCE=1 -o CMakeFiles/cmTC_175f9.dir/CheckSymbolExists.c.o -c /home/jbanosga/Desktop/Dev/splitRPG/build/CMakeFiles/CMakeScratch/TryCompile-xgEwrn/CheckSymbolExists.c
/home/jbanosga/Desktop/Dev/splitRPG/build/CMakeFiles/CMakeScratch/TryCompile-xgEwrn/CheckSymbolExists.c: In function ‘main’:
/home/jbanosga/Desktop/Dev/splitRPG/build/CMakeFiles/CMakeScratch/TryCompile-xgEwrn/CheckSymbolExists.c:26:19: error: ‘wcslcpy’ undeclared (first use in this function); did you mean ‘wcsncpy’?
   26 |   return ((int*)(&wcslcpy))[argc];
      |                   ^~~~~~~
      |                   wcsncpy
/home/jbanosga/Desktop/Dev/splitRPG/build/CMakeFiles/CMakeScratch/TryCompile-xgEwrn/CheckSymbolExists.c:26:19: note: each undeclared identifier is reported only once for each function it appears in
gmake[1]: *** [CMakeFiles/cmTC_175f9.dir/build.make:78: CMakeFiles/cmTC_175f9.dir/CheckSymbolExists.c.o] Error 1
gmake[1]: se sale del directorio '/home/jbanosga/Desktop/Dev/splitRPG/build/CMakeFiles/CMakeScratch/TryCompile-xgEwrn'
gmake: *** [Makefile:127: cmTC_175f9/fast] Error 2


File CheckSymbolExists.c:
/* */
#include <float.h>
#include <iconv.h>
#include <inttypes.h>
#include <limits.h>
#include <malloc.h>
#include <math.h>
#include <memory.h>
#include <signal.h>
#include <stdarg.h>
#include <stdbool.h>
#include <stddef.h>
#include <stdint.h>
#include <stdio.h>
#include <stdlib.h>
#include <string.h>
#include <strings.h>
#include <sys/types.h>
#include <time.h>
#include <wchar.h>

int main(int argc, char** argv)
{
  (void)argv;
#ifndef wcslcpy
  return ((int*)(&wcslcpy))[argc];
#else
  (void)argc;
  return 0;
#endif
}
Determining if the sysctlbyname exist failed with the following output:
Change Dir: /home/jbanosga/Desktop/Dev/splitRPG/build/CMakeFiles/CMakeScratch/TryCompile-VaA4GS

Run Build Command(s):/usr/bin/gmake -f Makefile cmTC_35eb9/fast && /usr/bin/gmake  -f CMakeFiles/cmTC_35eb9.dir/build.make CMakeFiles/cmTC_35eb9.dir/build
gmake[1]: se entra en el directorio '/home/jbanosga/Desktop/Dev/splitRPG/build/CMakeFiles/CMakeScratch/TryCompile-VaA4GS'
Building C object CMakeFiles/cmTC_35eb9.dir/CheckSymbolExists.c.o
/usr/bin/cc   -D_GNU_SOURCE=1 -o CMakeFiles/cmTC_35eb9.dir/CheckSymbolExists.c.o -c /home/jbanosga/Desktop/Dev/splitRPG/build/CMakeFiles/CMakeScratch/TryCompile-VaA4GS/CheckSymbolExists.c
/home/jbanosga/Desktop/Dev/splitRPG/build/CMakeFiles/CMakeScratch/TryCompile-VaA4GS/CheckSymbolExists.c:3:10: fatal error: sys/sysctl.h: No existe el fichero o el directorio
    3 | #include <sys/sysctl.h>
      |          ^~~~~~~~~~~~~~
compilation terminated.
gmake[1]: *** [CMakeFiles/cmTC_35eb9.dir/build.make:78: CMakeFiles/cmTC_35eb9.dir/CheckSymbolExists.c.o] Error 1
gmake[1]: se sale del directorio '/home/jbanosga/Desktop/Dev/splitRPG/build/CMakeFiles/CMakeScratch/TryCompile-VaA4GS'
gmake: *** [Makefile:127: cmTC_35eb9/fast] Error 2


File CheckSymbolExists.c:
/* */
#include <sys/types.h>
#include <sys/sysctl.h>

int main(int argc, char** argv)
{
  (void)argv;
#ifndef sysctlbyname
  return ((int*)(&sysctlbyname))[argc];
#else
  (void)argc;
  return 0;
#endif
}
Determining if the elf_aux_info exist failed with the following output:
Change Dir: /home/jbanosga/Desktop/Dev/splitRPG/build/CMakeFiles/CMakeScratch/TryCompile-wgCdqK

Run Build Command(s):/usr/bin/gmake -f Makefile cmTC_dec0d/fast && /usr/bin/gmake  -f CMakeFiles/cmTC_dec0d.dir/build.make CMakeFiles/cmTC_dec0d.dir/build
gmake[1]: se entra en el directorio '/home/jbanosga/Desktop/Dev/splitRPG/build/CMakeFiles/CMakeScratch/TryCompile-wgCdqK'
Building C object CMakeFiles/cmTC_dec0d.dir/CheckSymbolExists.c.o
/usr/bin/cc   -D_GNU_SOURCE=1 -o CMakeFiles/cmTC_dec0d.dir/CheckSymbolExists.c.o -c /home/jbanosga/Desktop/Dev/splitRPG/build/CMakeFiles/CMakeScratch/TryCompile-wgCdqK/CheckSymbolExists.c
/home/jbanosga/Desktop/Dev/splitRPG/build/CMakeFiles/CMakeScratch/TryCompile-wgCdqK/CheckSymbolExists.c: In function ‘main’:
/home/jbanosga/Desktop/Dev/splitRPG/build/CMakeFiles/CMakeScratch/TryCompile-wgCdqK/CheckSymbolExists.c:8:19: error: ‘elf_aux_info’ undeclared (first use in this function)
    8 |   return ((int*)(&elf_aux_info))[argc];
      |                   ^~~~~~~~~~~~
/home/jbanosga/Desktop/Dev/splitRPG/build/CMakeFiles/CMakeScratch/TryCompile-wgCdqK/CheckSymbolExists.c:8:19: note: each undeclared identifier is reported only once for each function it appears in
gmake[1]: *** [CMakeFiles/cmTC_dec0d.dir/build.make:78: CMakeFiles/cmTC_dec0d.dir/CheckSymbolExists.c.o] Error 1
gmake[1]: se sale del directorio '/home/jbanosga/Desktop/Dev/splitRPG/build/CMakeFiles/CMakeScratch/TryCompile-wgCdqK'
gmake: *** [Makefile:127: cmTC_dec0d/fast] Error 2


File CheckSymbolExists.c:
/* */
#include <sys/auxv.h>

int main(int argc, char** argv)
{
  (void)argv;
#ifndef elf_aux_info
  return ((int*)(&elf_aux_info))[argc];
#else
  (void)argc;
  return 0;
#endif
}
Determining if the posix_spawn_file_actions_addchdir exist failed with the following output:
Change Dir: /home/jbanosga/Desktop/Dev/splitRPG/build/CMakeFiles/CMakeScratch/TryCompile-ojoHt9

Run Build Command(s):/usr/bin/gmake -f Makefile cmTC_08909/fast && /usr/bin/gmake  -f CMakeFiles/cmTC_08909.dir/build.make CMakeFiles/cmTC_08909.dir/build
gmake[1]: se entra en el directorio '/home/jbanosga/Desktop/Dev/splitRPG/build/CMakeFiles/CMakeScratch/TryCompile-ojoHt9'
Building C object CMakeFiles/cmTC_08909.dir/CheckSymbolExists.c.o
/usr/bin/cc   -D_GNU_SOURCE=1 -o CMakeFiles/cmTC_08909.dir/CheckSymbolExists.c.o -c /home/jbanosga/Desktop/Dev/splitRPG/build/CMakeFiles/CMakeScratch/TryCompile-ojoHt9/CheckSymbolExists.c
/home/jbanosga/Desktop/Dev/splitRPG/build/CMakeFiles/CMakeScratch/TryCompile-ojoHt9/CheckSymbolExists.c: In function ‘main’:
/home/jbanosga/Desktop/Dev/splitRPG/build/CMakeFiles/CMakeScratch/TryCompile-ojoHt9/CheckSymbolExists.c:8:19: error: ‘posix_spawn_file_actions_addchdir’ undeclared (first use in this function); did you mean ‘posix_spawn_file_actions_addchdir_np’?
    8 |   return ((int*)(&posix_spawn_file_actions_addchdir))[argc];
      |                   ^~~~~~~~~~~~~~~~~~~~~~~~~~~~~~~~~
      |                   posix_spawn_file_actions_addchdir_np
/home/jbanosga/Desktop/Dev/splitRPG/build/CMakeFiles/CMakeScratch/TryCompile-ojoHt9/CheckSymbolExists.c:8:19: note: each undeclared identifier is reported only once for each function it appears in
gmake[1]: *** [CMakeFiles/cmTC_08909.dir/build.make:78: CMakeFiles/cmTC_08909.dir/CheckSymbolExists.c.o] Error 1
gmake[1]: se sale del directorio '/home/jbanosga/Desktop/Dev/splitRPG/build/CMakeFiles/CMakeScratch/TryCompile-ojoHt9'
gmake: *** [Makefile:127: cmTC_08909/fast] Error 2


File CheckSymbolExists.c:
/* */
#include <spawn.h>

int main(int argc, char** argv)
{
  (void)argv;
#ifndef posix_spawn_file_actions_addchdir
  return ((int*)(&posix_spawn_file_actions_addchdir))[argc];
#else
  (void)argc;
  return 0;
#endif
}
Performing C SOURCE FILE Test ICONV_IN_LIBICONV failed with the following output:
Change Dir: /home/jbanosga/Desktop/Dev/splitRPG/build/CMakeFiles/CMakeScratch/TryCompile-wJAZUZ

Run Build Command(s):/usr/bin/gmake -f Makefile cmTC_e9bfb/fast && /usr/bin/gmake  -f CMakeFiles/cmTC_e9bfb.dir/build.make CMakeFiles/cmTC_e9bfb.dir/build
gmake[1]: se entra en el directorio '/home/jbanosga/Desktop/Dev/splitRPG/build/CMakeFiles/CMakeScratch/TryCompile-wJAZUZ'
Building C object CMakeFiles/cmTC_e9bfb.dir/src.c.o
/usr/bin/cc -DICONV_IN_LIBICONV  -D_GNU_SOURCE=1 -o CMakeFiles/cmTC_e9bfb.dir/src.c.o -c /home/jbanosga/Desktop/Dev/splitRPG/build/CMakeFiles/CMakeScratch/TryCompile-wJAZUZ/src.c
Linking C executable cmTC_e9bfb
/usr/bin/cmake -E cmake_link_script CMakeFiles/cmTC_e9bfb.dir/link.txt --verbose=1
/usr/bin/cc   -D_GNU_SOURCE=1 CMakeFiles/cmTC_e9bfb.dir/src.c.o -o cmTC_e9bfb  -liconv 
/usr/bin/ld: no se puede encontrar -liconv: No existe el fichero o el directorio
collect2: error: ld returned 1 exit status
gmake[1]: *** [CMakeFiles/cmTC_e9bfb.dir/build.make:99: cmTC_e9bfb] Error 1
gmake[1]: se sale del directorio '/home/jbanosga/Desktop/Dev/splitRPG/build/CMakeFiles/CMakeScratch/TryCompile-wJAZUZ'
gmake: *** [Makefile:127: cmTC_e9bfb/fast] Error 2


Source file was:

        #include <stddef.h>
        #include <iconv.h>
        int main(int argc, char **argv) {
            return !iconv_open(NULL,NULL);
        }

Performing C SOURCE FILE Test HAVE_VIVANTE_VDK failed with the following output:
Change Dir: /home/jbanosga/Desktop/Dev/splitRPG/build/CMakeFiles/CMakeScratch/TryCompile-vIjU3B

Run Build Command(s):/usr/bin/gmake -f Makefile cmTC_9d503/fast && /usr/bin/gmake  -f CMakeFiles/cmTC_9d503.dir/build.make CMakeFiles/cmTC_9d503.dir/build
gmake[1]: se entra en el directorio '/home/jbanosga/Desktop/Dev/splitRPG/build/CMakeFiles/CMakeScratch/TryCompile-vIjU3B'
Building C object CMakeFiles/cmTC_9d503.dir/src.c.o
/usr/bin/cc -DHAVE_VIVANTE_VDK  -D_GNU_SOURCE=1 -o CMakeFiles/cmTC_9d503.dir/src.c.o -c /home/jbanosga/Desktop/Dev/splitRPG/build/CMakeFiles/CMakeScratch/TryCompile-vIjU3B/src.c
/home/jbanosga/Desktop/Dev/splitRPG/build/CMakeFiles/CMakeScratch/TryCompile-vIjU3B/src.c:2:18: fatal error: gc_vdk.h: No existe el fichero o el directorio
    2 |         #include <gc_vdk.h>
      |                  ^~~~~~~~~~
compilation terminated.
gmake[1]: *** [CMakeFiles/cmTC_9d503.dir/build.make:78: CMakeFiles/cmTC_9d503.dir/src.c.o] Error 1
gmake[1]: se sale del directorio '/home/jbanosga/Desktop/Dev/splitRPG/build/CMakeFiles/CMakeScratch/TryCompile-vIjU3B'
gmake: *** [Makefile:127: cmTC_9d503/fast] Error 2


Source file was:

        #include <gc_vdk.h>
        int main(int argc, char** argv) { return 0; }

Performing C SOURCE FILE Test HAVE_VIVANTE_EGL_FB failed with the following output:
Change Dir: /home/jbanosga/Desktop/Dev/splitRPG/build/CMakeFiles/CMakeScratch/TryCompile-xqr4cm

Run Build Command(s):/usr/bin/gmake -f Makefile cmTC_5812f/fast && /usr/bin/gmake  -f CMakeFiles/cmTC_5812f.dir/build.make CMakeFiles/cmTC_5812f.dir/build
gmake[1]: se entra en el directorio '/home/jbanosga/Desktop/Dev/splitRPG/build/CMakeFiles/CMakeScratch/TryCompile-xqr4cm'
Building C object CMakeFiles/cmTC_5812f.dir/src.c.o
/usr/bin/cc -DHAVE_VIVANTE_EGL_FB  -D_GNU_SOURCE=1 -o CMakeFiles/cmTC_5812f.dir/src.c.o -c /home/jbanosga/Desktop/Dev/splitRPG/build/CMakeFiles/CMakeScratch/TryCompile-xqr4cm/src.c
/home/jbanosga/Desktop/Dev/splitRPG/build/CMakeFiles/CMakeScratch/TryCompile-xqr4cm/src.c:4:18: fatal error: EGL/eglvivante.h: No existe el fichero o el directorio
    4 |         #include <EGL/eglvivante.h>
      |                  ^~~~~~~~~~~~~~~~~~
compilation terminated.
gmake[1]: *** [CMakeFiles/cmTC_5812f.dir/build.make:78: CMakeFiles/cmTC_5812f.dir/src.c.o] Error 1
gmake[1]: se sale del directorio '/home/jbanosga/Desktop/Dev/splitRPG/build/CMakeFiles/CMakeScratch/TryCompile-xqr4cm'
gmake: *** [Makefile:127: cmTC_5812f/fast] Error 2


Source file was:

        #define LINUX
        #define EGL_API_FB
        #include <EGL/eglvivante.h>
        int main(int argc, char** argv) { return 0; }

Performing C SOURCE FILE Test LIBC_HAS_WORKING_LIBUNWIND failed with the following output:
Change Dir: /home/jbanosga/Desktop/Dev/splitRPG/build/CMakeFiles/CMakeScratch/TryCompile-QT3KQz

Run Build Command(s):/usr/bin/gmake -f Makefile cmTC_ba22b/fast && /usr/bin/gmake  -f CMakeFiles/cmTC_ba22b.dir/build.make CMakeFiles/cmTC_ba22b.dir/build
gmake[1]: se entra en el directorio '/home/jbanosga/Desktop/Dev/splitRPG/build/CMakeFiles/CMakeScratch/TryCompile-QT3KQz'
Building C object CMakeFiles/cmTC_ba22b.dir/src.c.o
/usr/bin/cc -DLIBC_HAS_WORKING_LIBUNWIND  -D_GNU_SOURCE=1 -o CMakeFiles/cmTC_ba22b.dir/src.c.o -c /home/jbanosga/Desktop/Dev/splitRPG/build/CMakeFiles/CMakeScratch/TryCompile-QT3KQz/src.c
/home/jbanosga/Desktop/Dev/splitRPG/build/CMakeFiles/CMakeScratch/TryCompile-QT3KQz/src.c:1:16: fatal error: libunwind.h: No existe el fichero o el directorio
    1 |       #include <libunwind.h>
      |                ^~~~~~~~~~~~~
compilation terminated.
gmake[1]: *** [CMakeFiles/cmTC_ba22b.dir/build.make:78: CMakeFiles/cmTC_ba22b.dir/src.c.o] Error 1
gmake[1]: se sale del directorio '/home/jbanosga/Desktop/Dev/splitRPG/build/CMakeFiles/CMakeScratch/TryCompile-QT3KQz'
gmake: *** [Makefile:127: cmTC_ba22b/fast] Error 2


Source file was:
      #include <libunwind.h>
      int main(int argc, char *argv[]) {
        (void)argc; (void)argv;
        unw_context_t context;
        unw_cursor_t cursor;
        unw_word_t pc;
        char sym[256];
        unw_word_t offset;
        unw_getcontext(&context);
        unw_step(&cursor);
        unw_get_reg(&cursor, UNW_REG_IP, &pc);
        unw_get_proc_name(&cursor, sym, sizeof(sym), &offset);
        return 0;
      }

Performing C SOURCE FILE Test LIBUNWIND_HAS_WORKINGLIBUNWIND failed with the following output:
Change Dir: /home/jbanosga/Desktop/Dev/splitRPG/build/CMakeFiles/CMakeScratch/TryCompile-olAlLg

Run Build Command(s):/usr/bin/gmake -f Makefile cmTC_be1a2/fast && /usr/bin/gmake  -f CMakeFiles/cmTC_be1a2.dir/build.make CMakeFiles/cmTC_be1a2.dir/build
gmake[1]: se entra en el directorio '/home/jbanosga/Desktop/Dev/splitRPG/build/CMakeFiles/CMakeScratch/TryCompile-olAlLg'
Building C object CMakeFiles/cmTC_be1a2.dir/src.c.o
/usr/bin/cc -DLIBUNWIND_HAS_WORKINGLIBUNWIND  -D_GNU_SOURCE=1 -o CMakeFiles/cmTC_be1a2.dir/src.c.o -c /home/jbanosga/Desktop/Dev/splitRPG/build/CMakeFiles/CMakeScratch/TryCompile-olAlLg/src.c
/home/jbanosga/Desktop/Dev/splitRPG/build/CMakeFiles/CMakeScratch/TryCompile-olAlLg/src.c:1:16: fatal error: libunwind.h: No existe el fichero o el directorio
    1 |       #include <libunwind.h>
      |                ^~~~~~~~~~~~~
compilation terminated.
gmake[1]: *** [CMakeFiles/cmTC_be1a2.dir/build.make:78: CMakeFiles/cmTC_be1a2.dir/src.c.o] Error 1
gmake[1]: se sale del directorio '/home/jbanosga/Desktop/Dev/splitRPG/build/CMakeFiles/CMakeScratch/TryCompile-olAlLg'
gmake: *** [Makefile:127: cmTC_be1a2/fast] Error 2


Source file was:
      #include <libunwind.h>
      int main(int argc, char *argv[]) {
        (void)argc; (void)argv;
        unw_context_t context;
        unw_cursor_t cursor;
        unw_word_t pc;
        char sym[256];
        unw_word_t offset;
        unw_getcontext(&context);
        unw_step(&cursor);
        unw_get_reg(&cursor, UNW_REG_IP, &pc);
        unw_get_proc_name(&cursor, sym, sizeof(sym), &offset);
        return 0;
      }

Determining if the include file pthread_np.h exists failed with the following output:
Change Dir: /home/jbanosga/Desktop/Dev/splitRPG/build/CMakeFiles/CMakeScratch/TryCompile-7kxH6T

Run Build Command(s):/usr/bin/gmake -f Makefile cmTC_9dac2/fast && /usr/bin/gmake  -f CMakeFiles/cmTC_9dac2.dir/build.make CMakeFiles/cmTC_9dac2.dir/build
gmake[1]: se entra en el directorio '/home/jbanosga/Desktop/Dev/splitRPG/build/CMakeFiles/CMakeScratch/TryCompile-7kxH6T'
Building C object CMakeFiles/cmTC_9dac2.dir/CheckIncludeFile.c.o
/usr/bin/cc   -D_GNU_SOURCE=1 -D_REENTRANT -pthread -o CMakeFiles/cmTC_9dac2.dir/CheckIncludeFile.c.o -c /home/jbanosga/Desktop/Dev/splitRPG/build/CMakeFiles/CMakeScratch/TryCompile-7kxH6T/CheckIncludeFile.c
/home/jbanosga/Desktop/Dev/splitRPG/build/CMakeFiles/CMakeScratch/TryCompile-7kxH6T/CheckIncludeFile.c:1:10: fatal error: pthread_np.h: No existe el fichero o el directorio
    1 | #include <pthread_np.h>
      |          ^~~~~~~~~~~~~~
compilation terminated.
gmake[1]: *** [CMakeFiles/cmTC_9dac2.dir/build.make:78: CMakeFiles/cmTC_9dac2.dir/CheckIncludeFile.c.o] Error 1
gmake[1]: se sale del directorio '/home/jbanosga/Desktop/Dev/splitRPG/build/CMakeFiles/CMakeScratch/TryCompile-7kxH6T'
gmake: *** [Makefile:127: cmTC_9dac2/fast] Error 2



